[debug] [2021-03-07T09:17:40.264Z] ----------------------------------------------------------------------
[debug] [2021-03-07T09:17:40.266Z] Command:       C:\Program Files\nodejs\node.exe C:\Users\USER\AppData\Roaming\npm\node_modules\firebase-tools\lib\bin\firebase.js init
[debug] [2021-03-07T09:17:40.266Z] CLI Version:   8.12.1
[debug] [2021-03-07T09:17:40.266Z] Platform:      win32
[debug] [2021-03-07T09:17:40.266Z] Node Version:  v12.18.3
[debug] [2021-03-07T09:17:40.269Z] Time:          Sun Mar 07 2021 15:17:40 GMT+0600 (Bangladesh Standard Time)
[debug] [2021-03-07T09:17:40.269Z] ----------------------------------------------------------------------
[debug] [2021-03-07T09:17:40.269Z] 
[debug] [2021-03-07T09:17:40.279Z] > command requires scopes: ["email","openid","https://www.googleapis.com/auth/cloudplatformprojects.readonly","https://www.googleapis.com/auth/firebase","https://www.googleapis.com/auth/cloud-platform"]
[debug] [2021-03-07T09:17:40.280Z] > authorizing via signed-in user
[info] 
     ######## #### ########  ######## ########     ###     ######  ########
     ##        ##  ##     ## ##       ##     ##  ##   ##  ##       ##
     ######    ##  ########  ######   ########  #########  ######  ######
     ##        ##  ##    ##  ##       ##     ## ##     ##       ## ##
     ##       #### ##     ## ######## ########  ##     ##  ######  ########

You're about to initialize a Firebase project in this directory:

  A:\Workspace\Study Works\WEB DEV\P_HERO COURSE\Projects\creative-agency\creative-agency

Before we get started, keep in mind:

  * You are initializing in an existing Firebase project directory

